2025-09-18 14:07:21.896: my pid: 288265
2025-09-18 14:07:21.896: model: model.general_recommender.SGL
2025-09-18 14:07:21.896: Dataset: all_data, users=2809, items=31062, ratings=110570
2025-09-18 14:07:21.896: NeuRec:[NeuRec]:
recommender=SGL
dataset=all_data
source_domain=amazon-cd
target_domain=amazon-kitchen
file_column=UI
sep=','
gpu_id=0
gpu_mem=0.99
metric=["Precision", "Recall", "NDCG"]
top_k=[20]
test_thread=8
test_batch_size=128
seed=2021
start_testing_epoch=0

SGL:[hyperparameters]:
aug_type=ED
reg=1e-4
embed_size=64
n_layers=3
ssl_reg=0.1
ssl_ratio=0.1
ssl_temp=0.2
ssl_mode=both_side
lr=0.001
learner=adam
adj_type=pre
epochs=1000
batch_size=2048
num_negatives=1
param_init=xavier_uniform
stddev=0.01
verbose=1
stop_cnt=10
pretrain_flag=0
save_flag=1

Command line:
dataset=all_data
model=SGL
save_flag=1
2025-09-18 14:07:22.569: metrics:	Precision@20	Recall@20   	NDCG@20     
2025-09-18 14:08:12.376: [iter 1 : loss : 1.5631 = 0.6920 + 0.8712 + 0.0000, time: 49.806659]
2025-09-18 14:08:12.376: epoch 1:	No test data
2025-09-18 14:09:02.247: [iter 2 : loss : 1.5536 = 0.6910 + 0.8626 + 0.0000, time: 49.668046]
2025-09-18 14:09:02.247: epoch 2:	No test data
2025-09-18 14:09:52.230: [iter 3 : loss : 1.5486 = 0.6898 + 0.8588 + 0.0000, time: 49.786562]
2025-09-18 14:09:52.230: epoch 3:	No test data
2025-09-18 14:10:42.496: [iter 4 : loss : 1.5455 = 0.6880 + 0.8576 + 0.0000, time: 50.073342]
2025-09-18 14:10:42.496: epoch 4:	No test data
2025-09-18 14:11:32.891: [iter 5 : loss : 1.5419 = 0.6850 + 0.8569 + 0.0000, time: 50.203788]
2025-09-18 14:11:32.891: epoch 5:	No test data
2025-09-18 14:12:23.182: [iter 6 : loss : 1.5364 = 0.6799 + 0.8565 + 0.0000, time: 50.098107]
2025-09-18 14:12:23.182: epoch 6:	No test data
2025-09-18 14:13:13.673: [iter 7 : loss : 1.5281 = 0.6718 + 0.8563 + 0.0000, time: 50.307023]
2025-09-18 14:13:13.673: epoch 7:	No test data
2025-09-18 14:14:04.154: [iter 8 : loss : 1.5164 = 0.6600 + 0.8564 + 0.0000, time: 50.296773]
2025-09-18 14:14:04.154: epoch 8:	No test data
2025-09-18 14:14:54.580: [iter 9 : loss : 1.5006 = 0.6434 + 0.8571 + 0.0000, time: 50.241515]
2025-09-18 14:14:54.580: epoch 9:	No test data
2025-09-18 14:15:45.038: [iter 10 : loss : 1.4805 = 0.6230 + 0.8575 + 0.0000, time: 50.274320]
2025-09-18 14:15:45.039: epoch 10:	No test data
2025-09-18 14:15:45.039: Early stopping is trigger at epoch: 10
2025-09-18 14:15:45.039: best_result@epoch 0:

2025-09-18 14:15:45.039: No best_model.pth found at /mnt/sda1/yuxin/SGL-BiGNAS/SGL-Torch/dataset/all_data/model_tmp/SGL/layers_3_reg_1e-04/ratio_0.1_mode_both_side_temp_0.20_reg_1e-01/best_model.pth, skip loading best model. Export embedding from current model.
2025-09-18 14:15:45.044: 		No best model, export from current model.
2025-09-18 14:15:45.051: export_final_embeddings done: /mnt/sda1/yuxin/SGL-BiGNAS/SGL-Torch/dataset/all_data/pretrain-embeddings/SGL/n_layers=3/
