2025-09-18 13:57:17.520: my pid: 281568
2025-09-18 13:57:17.521: model: model.general_recommender.SGL
2025-09-18 13:57:17.521: Dataset: all_data, users=2809, items=31062, ratings=110570
2025-09-18 13:57:17.521: NeuRec:[NeuRec]:
recommender=SGL
dataset=all_data
source_domain=amazon-cd
target_domain=amazon-kitchen
file_column=UI
sep=','
gpu_id=0
gpu_mem=0.99
metric=["Precision", "Recall", "NDCG"]
top_k=[20]
test_thread=8
test_batch_size=128
seed=2021
start_testing_epoch=0

SGL:[hyperparameters]:
aug_type=ED
reg=1e-4
embed_size=64
n_layers=3
ssl_reg=0.1
ssl_ratio=0.1
ssl_temp=0.2
ssl_mode=both_side
lr=0.001
learner=adam
adj_type=pre
epochs=1000
batch_size=2048
num_negatives=1
param_init=xavier_uniform
stddev=0.01
verbose=1
stop_cnt=10
pretrain_flag=0
save_flag=1

Command line:
dataset=all_data
model=SGL
save_flag=1
2025-09-18 13:57:18.184: metrics:	Precision@20	Recall@20   	NDCG@20     
2025-09-18 13:58:08.030: [iter 1 : loss : 1.5631 = 0.6920 + 0.8712 + 0.0000, time: 49.845969]
2025-09-18 13:58:08.030: epoch 1:	No test data
2025-09-18 13:58:57.935: [iter 2 : loss : 1.5536 = 0.6910 + 0.8626 + 0.0000, time: 49.701397]
2025-09-18 13:58:57.935: epoch 2:	No test data
2025-09-18 13:59:48.131: [iter 3 : loss : 1.5486 = 0.6898 + 0.8588 + 0.0000, time: 49.993098]
2025-09-18 13:59:48.131: epoch 3:	No test data
2025-09-18 14:00:38.617: [iter 4 : loss : 1.5455 = 0.6880 + 0.8576 + 0.0000, time: 50.292430]
2025-09-18 14:00:38.618: epoch 4:	No test data
2025-09-18 14:01:29.267: [iter 5 : loss : 1.5419 = 0.6850 + 0.8569 + 0.0000, time: 50.452404]
2025-09-18 14:01:29.267: epoch 5:	No test data
2025-09-18 14:02:19.806: [iter 6 : loss : 1.5364 = 0.6799 + 0.8565 + 0.0000, time: 50.350886]
2025-09-18 14:02:19.806: epoch 6:	No test data
2025-09-18 14:03:10.438: [iter 7 : loss : 1.5281 = 0.6718 + 0.8563 + 0.0000, time: 50.440642]
2025-09-18 14:03:10.438: epoch 7:	No test data
2025-09-18 14:04:00.925: [iter 8 : loss : 1.5164 = 0.6600 + 0.8564 + 0.0000, time: 50.300234]
2025-09-18 14:04:00.925: epoch 8:	No test data
2025-09-18 14:04:51.406: [iter 9 : loss : 1.5006 = 0.6434 + 0.8571 + 0.0000, time: 50.294665]
2025-09-18 14:04:51.406: epoch 9:	No test data
2025-09-18 14:05:42.065: [iter 10 : loss : 1.4805 = 0.6230 + 0.8575 + 0.0000, time: 50.466480]
2025-09-18 14:05:42.066: epoch 10:	No test data
2025-09-18 14:05:42.066: Early stopping is trigger at epoch: 10
2025-09-18 14:05:42.066: best_result@epoch 0:

2025-09-18 14:05:42.066: Loading from the saved best model during the training process.
