2025-09-18 13:46:50.890: my pid: 273818
2025-09-18 13:46:50.890: model: model.general_recommender.SGL
2025-09-18 13:46:50.890: Dataset: all_data, users=2809, items=31062, ratings=110570
2025-09-18 13:46:50.890: NeuRec:[NeuRec]:
recommender=SGL
dataset=all_data
source_domain=amazon-cd
target_domain=amazon-kitchen
file_column=UI
sep=','
gpu_id=0
gpu_mem=0.99
metric=["Precision", "Recall", "NDCG"]
top_k=[20]
test_thread=8
test_batch_size=128
seed=2021
start_testing_epoch=0

SGL:[hyperparameters]:
aug_type=ED
reg=1e-4
embed_size=64
n_layers=3
ssl_reg=0.1
ssl_ratio=0.1
ssl_temp=0.2
ssl_mode=both_side
lr=0.001
learner=adam
adj_type=pre
epochs=1000
batch_size=2048
num_negatives=1
param_init=xavier_uniform
stddev=0.01
verbose=1
stop_cnt=10
pretrain_flag=0
save_flag=1

Command line:
dataset=all_data
model=SGL
save_flag=1
2025-09-18 13:46:51.555: metrics:	Precision@20	Recall@20   	NDCG@20     
2025-09-18 13:47:41.305: [iter 1 : loss : 1.5631 = 0.6920 + 0.8712 + 0.0000, time: 49.750701]
2025-09-18 13:47:41.306: epoch 1:	No test data
2025-09-18 13:48:31.127: [iter 2 : loss : 1.5536 = 0.6910 + 0.8626 + 0.0000, time: 49.617148]
2025-09-18 13:48:31.127: epoch 2:	No test data
2025-09-18 13:49:20.912: [iter 3 : loss : 1.5486 = 0.6898 + 0.8588 + 0.0000, time: 49.582647]
2025-09-18 13:49:20.912: epoch 3:	No test data
2025-09-18 13:50:10.748: [iter 4 : loss : 1.5455 = 0.6880 + 0.8576 + 0.0000, time: 49.632134]
2025-09-18 13:50:10.748: epoch 4:	No test data
2025-09-18 13:51:00.633: [iter 5 : loss : 1.5419 = 0.6850 + 0.8569 + 0.0000, time: 49.692056]
2025-09-18 13:51:00.634: epoch 5:	No test data
2025-09-18 13:51:50.593: [iter 6 : loss : 1.5364 = 0.6799 + 0.8565 + 0.0000, time: 49.770944]
2025-09-18 13:51:50.593: epoch 6:	No test data
2025-09-18 13:52:41.063: [iter 7 : loss : 1.5281 = 0.6718 + 0.8563 + 0.0000, time: 50.282503]
2025-09-18 13:52:41.063: epoch 7:	No test data
2025-09-18 13:53:31.157: [iter 8 : loss : 1.5164 = 0.6600 + 0.8564 + 0.0000, time: 49.905712]
2025-09-18 13:53:31.157: epoch 8:	No test data
2025-09-18 13:54:21.603: [iter 9 : loss : 1.5006 = 0.6434 + 0.8571 + 0.0000, time: 50.249396]
2025-09-18 13:54:21.603: epoch 9:	No test data
2025-09-18 13:55:11.879: [iter 10 : loss : 1.4805 = 0.6230 + 0.8575 + 0.0000, time: 50.085315]
2025-09-18 13:55:11.879: epoch 10:	No test data
2025-09-18 13:55:11.880: Early stopping is trigger at epoch: 10
2025-09-18 13:55:11.880: best_result@epoch 0:

2025-09-18 13:55:11.880: Loading from the saved best model during the training process.
