2025-09-08 15:41:14.896: my pid: 4085590
2025-09-08 15:41:14.896: model: model.general_recommender.SGL
2025-09-08 15:41:14.897: Dataset: amazon, users=2809, items=62121, ratings=110570
2025-09-08 15:41:14.897: NeuRec:[NeuRec]:
recommender=SGL
dataset=amazon
source_domain=amazon-cd
target_domain=amazon-kitchen
file_column=UI
sep=','
gpu_id=0
gpu_mem=0.99
metric=["Precision", "Recall", "NDCG"]
top_k=[20]
test_thread=8
test_batch_size=128
seed=2021
start_testing_epoch=0

SGL:[hyperparameters]:
aug_type=ED
reg=1e-4
embed_size=64
n_layers=3
ssl_reg=0.1
ssl_ratio=0.1
ssl_temp=0.2
ssl_mode=both_side
lr=0.001
learner=adam
adj_type=pre
epochs=1000
batch_size=2048
num_negatives=1
param_init=xavier_uniform
stddev=0.01
verbose=1
stop_cnt=10
pretrain_flag=0
save_flag=1

Command line:
model=SGL
dataset=amazon
save_flag=1
source_domain=amazon-cd
target_domain=amazon-kitchen
data_dir=/mnt/sda1/sherry/SGL-BiGNAS/SGL-Torch/dataset
